<?xml version="1.0" encoding="UTF-8"?>
<!-- Generated by org.testng.reporters.JUnitXMLReporter -->
<testsuite hostname="gleb-Swift-SF314-41G" ignored="0" tests="17" failures="0" timestamp="11 Aug 2022 13:39:01 GMT" time="13.469" errors="0">
  <testcase name="commandManagerWithConnectionServerUpdate" time="1.803" classname="TestCommandManager"/>
  <testcase name="commandManagerWithNoConnectionServerUpdate" time="3.51" classname="TestCommandManager"/>
  <testcase name="getID" time="0.0" classname="TestStudent"/>
  <testcase name="getName" time="0.001" classname="TestStudent"/>
  <testcase name="stringEquivalent" time="0.0" classname="TestStudent"/>
  <testcase name="establishConnectionWithWrongAuthorizationData" time="6.268" classname="TestFTPConnection"/>
  <testcase name="establishConnectionWithWrongHostName" time="0.002" classname="TestFTPConnection"/>
  <testcase name="successfulEstablishConnection" time="0.408" classname="TestFTPConnection"/>
  <testcase name="addStudent" time="0.009" classname="TestCommands"/>
  <testcase name="addStudentsWhenNoId" time="0.0" classname="TestCommands"/>
  <testcase name="exitCommand" time="0.0" classname="TestCommands"/>
  <testcase name="findExistingStudent" time="0.002" classname="TestCommands"/>
  <testcase name="findNotExistingStudent" time="0.002" classname="TestCommands"/>
  <testcase name="findStudentUsingNotIntId" time="0.001" classname="TestCommands"/>
  <testcase name="removeExistingStudent" time="0.001" classname="TestCommands"/>
  <testcase name="removeNotExistingStudent" time="0.001" classname="TestCommands"/>
  <testcase name="removeUsingNotIntID" time="0.001" classname="TestCommands"/>
</testsuite>
