<?xml version="1.0" encoding="UTF-8"?>
<!-- Generated by org.testng.reporters.JUnitXMLReporter -->
<testsuite hostname="gleb-Swift-SF314-41G" ignored="0" tests="17" failures="0" timestamp="11 Aug 2022 12:47:38 GMT" time="10.098" errors="0">
  <testcase name="commandManagerWithConnectionServerUpdate" time="1.149" classname="TestCommandManager"/>
  <testcase name="commandManagerWithNoConnectionServerUpdate" time="1.817" classname="TestCommandManager"/>
  <testcase name="addStudent" time="0.004" classname="TestCommands"/>
  <testcase name="addStudentsWhenNoId" time="0.001" classname="TestCommands"/>
  <testcase name="exitCommand" time="0.0" classname="TestCommands"/>
  <testcase name="findExistingStudent" time="0.002" classname="TestCommands"/>
  <testcase name="findNotExistingStudent" time="0.001" classname="TestCommands"/>
  <testcase name="findStudentUsingNotIntId" time="0.001" classname="TestCommands"/>
  <testcase name="removeExistingStudent" time="0.001" classname="TestCommands"/>
  <testcase name="removeNotExistingStudent" time="0.001" classname="TestCommands"/>
  <testcase name="removeUsingNotIntID" time="0.001" classname="TestCommands"/>
  <testcase name="getID" time="0.0" classname="TestStudent"/>
  <testcase name="getName" time="0.0" classname="TestStudent"/>
  <testcase name="stringEquivalent" time="0.0" classname="TestStudent"/>
  <testcase name="establishConnectionWithWrongAuthorizationData" time="5.329" classname="TestFTPConnection"/>
  <testcase name="establishConnectionWithWrongHostName" time="0.003" classname="TestFTPConnection"/>
  <testcase name="successfulEstablishConnection" time="1.028" classname="TestFTPConnection"/>
</testsuite>
